2025-09-10 07:28:13,728 - MainThread - sqlmesh.core.config.connection - INFO - Creating new DuckDB adapter for data files: {'db.db'} (connection.py:316)
2025-09-10 07:28:14,506 - MainThread - sqlmesh.core.config.connection - INFO - Creating new DuckDB adapter for in-memory database (connection.py:318)
2025-09-10 07:28:14,541 - MainThread - sqlmesh.core.config.connection - INFO - Using existing DuckDB adapter due to overlapping data file: db.db (connection.py:306)
2025-09-10 07:28:16,885 - MainThread - sqlmesh.core.snapshot.evaluator - INFO - Listing data objects in schema db.sqlmesh__sqlmesh_example (evaluator.py:323)
2025-09-10 07:28:16,890 - MainThread - sqlmesh.core.engine_adapter.base - INFO - Executing SQL: SELECT CURRENT_CATALOG() (base.py:2113)
2025-09-10 07:28:16,891 - MainThread - sqlmesh.core.engine_adapter.base - INFO - Executing SQL: SELECT CURRENT_CATALOG() (base.py:2113)
2025-09-10 07:28:16,892 - MainThread - sqlmesh.core.engine_adapter.base - INFO - Executing SQL: SELECT table_name AS name, table_schema AS schema, CASE table_type WHEN 'BASE TABLE' THEN 'table' WHEN 'VIEW' THEN 'view' WHEN 'LOCAL TEMPORARY' THEN 'table' END AS type FROM system.information_schema.tables WHERE (table_catalog = 'db' AND table_schema = 'sqlmesh__sqlmesh_example') AND table_name IN ('sqlmesh_example__covid_analysis__2998683827', 'sqlmesh_example__incremental_model__1880815781', 'sqlmesh_example__full_model__2278521865', 'sqlmesh_example__seed_model__2185867172', 'sqlmesh_example__raw_covid_data__4197747598') (base.py:2113)
2025-09-10 07:28:16,922 - MainThread - sqlmesh.core.snapshot.evaluator - INFO - Creating schema 'db.sqlmesh__sqlmesh_example' (evaluator.py:1068)
2025-09-10 07:28:16,923 - MainThread - sqlmesh.core.engine_adapter.base - INFO - Executing SQL: CREATE SCHEMA IF NOT EXISTS "db"."sqlmesh__sqlmesh_example" (base.py:2113)
2025-09-10 07:28:16,930 - MainThread - sqlmesh.core.snapshot.evaluator - INFO - Creating table 'db.sqlmesh__sqlmesh_example.sqlmesh_example__raw_covid_data__4197747598' (evaluator.py:1420)
2025-09-10 07:28:16,931 - MainThread - sqlmesh.core.engine_adapter.base - INFO - Executing SQL: CREATE TABLE IF NOT EXISTS "db"."sqlmesh__sqlmesh_example"."sqlmesh_example__raw_covid_data__4197747598" AS SELECT "country" AS "country", TRY_CAST(NULLIF("date", '') AS DATE) AS "date", CAST(NULLIF("total_cases", '') AS DOUBLE) AS "total_cases", CAST(NULLIF("new_cases", '') AS DOUBLE) AS "new_cases", CAST(NULLIF("new_cases_per_million", '') AS DOUBLE) AS "new_cases_per_million", CAST(NULLIF("new_deaths", '') AS DOUBLE) AS "new_deaths", CAST(NULLIF("new_deaths_per_million", '') AS DOUBLE) AS "new_deaths_per_million", CAST(NULLIF("people_vaccinated", '') AS DOUBLE) AS "people_vaccinated", CAST(NULLIF("people_fully_vaccinated", '') AS DOUBLE) AS "people_fully_vaccinated", CAST(NULLIF("total_boosters", '') AS DOUBLE) AS "total_boosters" FROM READ_CSV_AUTO('Data/OWID_COVID19_DATA.csv', "header" = TRUE, "all_varchar" = TRUE) AS "_q_0" WHERE FALSE LIMIT 0 (base.py:2113)
2025-09-10 07:28:17,152 - MainThread - sqlmesh.core.snapshot.evaluator - INFO - Creating table 'db.sqlmesh__sqlmesh_example.sqlmesh_example__covid_analysis__2998683827' (evaluator.py:1420)
2025-09-10 07:28:17,153 - MainThread - sqlmesh.core.engine_adapter.base - INFO - Executing SQL: CREATE TABLE IF NOT EXISTS "db"."sqlmesh__sqlmesh_example"."sqlmesh_example__covid_analysis__2998683827" AS SELECT "raw_covid_data"."country" AS "location", "raw_covid_data"."date" AS "date", SUM("raw_covid_data"."new_cases") AS "total_cases", ROUND(AVG("raw_covid_data"."new_cases_per_million"), 2) AS "avg_inzidenz", SUM("raw_covid_data"."new_deaths") AS "total_deaths", ROUND(AVG("raw_covid_data"."new_deaths_per_million"), 2) AS "avg_todesrate", MAX("raw_covid_data"."people_fully_vaccinated") AS "max_vaccinated" FROM "db"."sqlmesh__sqlmesh_example"."sqlmesh_example__raw_covid_data__4197747598" AS "raw_covid_data" WHERE "raw_covid_data"."date" >= '2020-01-01' AND FALSE GROUP BY "raw_covid_data"."country", "raw_covid_data"."date" ORDER BY "date" LIMIT 0 (base.py:2113)
2025-09-10 07:28:17,187 - MainThread - sqlmesh.core.snapshot.evaluator - INFO - Evaluating snapshot SnapshotId<"db"."sqlmesh_example"."raw_covid_data": 4000277264> (evaluator.py:595)
2025-09-10 07:28:17,194 - MainThread - sqlmesh.core.snapshot.evaluator - INFO - Inserting batch (2025-09-07 00:00:00, 2025-09-08 00:00:00) into db.sqlmesh__sqlmesh_example.sqlmesh_example__raw_covid_data__4197747598' (evaluator.py:649)
2025-09-10 07:28:17,195 - MainThread - sqlmesh.core.engine_adapter.base - INFO - Executing SQL: DESCRIBE "db"."sqlmesh__sqlmesh_example"."sqlmesh_example__raw_covid_data__4197747598" (base.py:2113)
2025-09-10 07:28:17,198 - MainThread - sqlmesh.core.engine_adapter.base - INFO - Executing SQL: CREATE OR REPLACE TABLE "db"."sqlmesh__sqlmesh_example"."sqlmesh_example__raw_covid_data__4197747598" AS SELECT CAST("country" AS TEXT) AS "country", CAST("date" AS DATE) AS "date", CAST("total_cases" AS DOUBLE) AS "total_cases", CAST("new_cases" AS DOUBLE) AS "new_cases", CAST("new_cases_per_million" AS DOUBLE) AS "new_cases_per_million", CAST("new_deaths" AS DOUBLE) AS "new_deaths", CAST("new_deaths_per_million" AS DOUBLE) AS "new_deaths_per_million", CAST("people_vaccinated" AS DOUBLE) AS "people_vaccinated", CAST("people_fully_vaccinated" AS DOUBLE) AS "people_fully_vaccinated", CAST("total_boosters" AS DOUBLE) AS "total_boosters" FROM (SELECT "country" AS "country", TRY_CAST(NULLIF("date", '') AS DATE) AS "date", CAST(NULLIF("total_cases", '') AS DOUBLE) AS "total_cases", CAST(NULLIF("new_cases", '') AS DOUBLE) AS "new_cases", CAST(NULLIF("new_cases_per_million", '') AS DOUBLE) AS "new_cases_per_million", CAST(NULLIF("new_deaths", '') AS DOUBLE) AS "new_deaths", CAST(NULLIF("new_deaths_per_million", '') AS DOUBLE) AS "new_deaths_per_million", CAST(NULLIF("people_vaccinated", '') AS DOUBLE) AS "people_vaccinated", CAST(NULLIF("people_fully_vaccinated", '') AS DOUBLE) AS "people_fully_vaccinated", CAST(NULLIF("total_boosters", '') AS DOUBLE) AS "total_boosters" FROM READ_CSV_AUTO('Data/OWID_COVID19_DATA.csv', "header" = TRUE, "all_varchar" = TRUE) AS "_q_0") AS "_subquery" (base.py:2113)
2025-09-10 07:28:17,697 - MainThread - sqlmesh.core.scheduler - INFO - SKIPPED snapshot "db"."sqlmesh_example"."covid_analysis"
 (scheduler.py:337)
2025-09-10 07:28:17,697 - MainThread - sqlmesh.core.scheduler - INFO - Execution failed for node ('"db"."sqlmesh_example"."raw_covid_data"', ((1757203200000, 1757289600000), 0)) (scheduler.py:342)
Traceback (most recent call last):
  File "C:\Users\h.boulaayad\AppData\Local\Programs\Python\Python313\Lib\site-packages\sqlmesh\utils\concurrency.py", line 227, in sequential_apply_to_dag
    fn(node)
    ~~^^^^^^
  File "C:\Users\h.boulaayad\AppData\Local\Programs\Python\Python313\Lib\site-packages\sqlmesh\core\scheduler.py", line 469, in evaluate_node
    self.evaluate(
    ~~~~~~~~~~~~~^
        snapshot=snapshot,
        ^^^^^^^^^^^^^^^^^^
    ...<4 lines>...
        batch_index=batch_idx,
        ^^^^^^^^^^^^^^^^^^^^^^
    )
    ^
  File "C:\Users\h.boulaayad\AppData\Local\Programs\Python\Python313\Lib\site-packages\sqlmesh\core\scheduler.py", line 188, in evaluate
    wap_id = self.snapshot_evaluator.evaluate(
        snapshot,
    ...<6 lines>...
        **kwargs,
    )
  File "C:\Users\h.boulaayad\AppData\Local\Programs\Python\Python313\Lib\site-packages\sqlmesh\core\snapshot\evaluator.py", line 150, in evaluate
    result = self._evaluate_snapshot(
        snapshot,
    ...<6 lines>...
        **kwargs,
    )
  File "C:\Users\h.boulaayad\AppData\Local\Programs\Python\Python313\Lib\site-packages\sqlmesh\core\snapshot\evaluator.py", line 742, in _evaluate_snapshot
    apply(query_or_df, index)
    ~~~~~^^^^^^^^^^^^^^^^^^^^
  File "C:\Users\h.boulaayad\AppData\Local\Programs\Python\Python313\Lib\site-packages\sqlmesh\core\snapshot\evaluator.py", line 655, in apply
    evaluation_strategy.insert(
    ~~~~~~~~~~~~~~~~~~~~~~~~~~^
        table_name=table_name,
        ^^^^^^^^^^^^^^^^^^^^^^
    ...<10 lines>...
        physical_properties=rendered_physical_properties,
        ^^^^^^^^^^^^^^^^^^^^^^^^^^^^^^^^^^^^^^^^^^^^^^^^^
    )
    ^
  File "C:\Users\h.boulaayad\AppData\Local\Programs\Python\Python313\Lib\site-packages\sqlmesh\core\snapshot\evaluator.py", line 1601, in insert
    self._replace_query_for_model(model, table_name, query_or_df, **kwargs)
    ~~~~~~~~~~~~~~~~~~~~~~~~~~~~~^^^^^^^^^^^^^^^^^^^^^^^^^^^^^^^^^^^^^^^^^^
  File "C:\Users\h.boulaayad\AppData\Local\Programs\Python\Python313\Lib\site-packages\sqlmesh\core\snapshot\evaluator.py", line 1281, in _replace_query_for_model
    self.adapter.replace_query(
    ~~~~~~~~~~~~~~~~~~~~~~~~~~^
        name,
        ^^^^^
    ...<9 lines>...
        columns_to_types=columns_to_types,
        ^^^^^^^^^^^^^^^^^^^^^^^^^^^^^^^^^^
    )
    ^
  File "C:\Users\h.boulaayad\AppData\Local\Programs\Python\Python313\Lib\site-packages\sqlmesh\core\engine_adapter\shared.py", line 302, in internal_wrapper
    return func(*list_args, **kwargs)
  File "C:\Users\h.boulaayad\AppData\Local\Programs\Python\Python313\Lib\site-packages\sqlmesh\core\engine_adapter\base.py", line 365, in replace_query
    return self._create_table_from_source_queries(
           ~~~~~~~~~~~~~~~~~~~~~~~~~~~~~~~~~~~~~~^
        target_table,
        ^^^^^^^^^^^^^
    ...<5 lines>...
        **kwargs,
        ^^^^^^^^^
    )
    ^
  File "C:\Users\h.boulaayad\AppData\Local\Programs\Python\Python313\Lib\site-packages\sqlmesh\core\engine_adapter\base.py", line 762, in _create_table_from_source_queries
    self._create_table(
    ~~~~~~~~~~~~~~~~~~^
        schema if schema else table,
        ^^^^^^^^^^^^^^^^^^^^^^^^^^^^
    ...<6 lines>...
        **kwargs,
        ^^^^^^^^^
    )
    ^
  File "C:\Users\h.boulaayad\AppData\Local\Programs\Python\Python313\Lib\site-packages\sqlmesh\core\engine_adapter\base.py", line 800, in _create_table
    self.execute(
    ~~~~~~~~~~~~^
        self._build_create_table_exp(
        ^^^^^^^^^^^^^^^^^^^^^^^^^^^^^
    ...<12 lines>...
        )
        ^
    )
    ^
  File "C:\Users\h.boulaayad\AppData\Local\Programs\Python\Python313\Lib\site-packages\sqlmesh\core\engine_adapter\base.py", line 2110, in execute
    self._execute(sql, **kwargs)
    ~~~~~~~~~~~~~^^^^^^^^^^^^^^^
  File "C:\Users\h.boulaayad\AppData\Local\Programs\Python\Python313\Lib\site-packages\sqlmesh\core\engine_adapter\base.py", line 2116, in _execute
    self.cursor.execute(sql, **kwargs)
    ~~~~~~~~~~~~~~~~~~~^^^^^^^^^^^^^^^
duckdb.duckdb.ConversionException: Conversion Error: Could not convert string ' Japan and Singapore' to DOUBLE

LINE 1: ... AS "country", TRY_CAST(NULLIF("date", '') AS DATE) AS "date", CAST(NULLIF("total_cases", '') AS DOUBLE) AS "total_cases...
                                                                          ^

The above exception was the direct cause of the following exception:

sqlmesh.utils.concurrency.NodeExecutionFailedError: Execution failed for node ('"db"."sqlmesh_example"."raw_covid_data"', ((1757203200000, 1757289600000), 0))
2025-09-10 07:28:17,706 - MainThread - sqlmesh.core.context - INFO - Plan application failed. (context.py:1459)
Traceback (most recent call last):
  File "C:\Users\h.boulaayad\AppData\Local\Programs\Python\Python313\Lib\site-packages\sqlmesh\core\context.py", line 1451, in apply
    self._apply(plan, circuit_breaker)
    ~~~~~~~~~~~^^^^^^^^^^^^^^^^^^^^^^^
  File "C:\Users\h.boulaayad\AppData\Local\Programs\Python\Python313\Lib\site-packages\sqlmesh\core\context.py", line 2046, in _apply
    self._scheduler.create_plan_evaluator(self).evaluate(
    ~~~~~~~~~~~~~~~~~~~~~~~~~~~~~~~~~~~~~~~~~~~~~~~~~~~~^
        plan.to_evaluatable(), circuit_breaker=circuit_breaker
        ^^^^^^^^^^^^^^^^^^^^^^^^^^^^^^^^^^^^^^^^^^^^^^^^^^^^^^
    )
    ^
  File "C:\Users\h.boulaayad\AppData\Local\Programs\Python\Python313\Lib\site-packages\sqlmesh\core\plan\evaluator.py", line 139, in evaluate
    self._backfill(
    ~~~~~~~~~~~~~~^
        plan,
        ^^^^^
    ...<3 lines>...
        circuit_breaker=circuit_breaker,
        ^^^^^^^^^^^^^^^^^^^^^^^^^^^^^^^^
    )
    ^
  File "C:\Users\h.boulaayad\AppData\Local\Programs\Python\Python313\Lib\site-packages\sqlmesh\core\plan\evaluator.py", line 233, in _backfill
    raise PlanError("Plan application failed.")
sqlmesh.utils.errors.PlanError: Plan application failed.
2025-09-10 07:28:17,742 - MainThread - root - INFO - Shutting down the event dispatcher (dispatcher.py:159)
